# JRE version: OpenJDK Runtime Environment Corretto-17.0.6.10.1 (17.0.6+10) (build 17.0.6+10-LTS)
# Java VM: OpenJDK 64-Bit Server VM Corretto-17.0.6.10.1 (17.0.6+10-LTS, mixed mode, sharing, tiered, compressed oops, compressed class ptrs, g1 gc, windows-amd64)
GC Precious Log:
 CPUs: 12 total, 12 available
 Memory: 5966M
 Large Page Support: Disabled
 NUMA Support: Disabled
 Compressed Oops: Enabled (32-bit)
 Heap Region Size: 1M
 Heap Min Capacity: 8M
 Heap Initial Capacity: 94M
 Heap Max Capacity: 1492M
 Pre-touch: Disabled
 Parallel Workers: 10
 Concurrent Workers: 3
 Concurrent Refinement Workers: 10
 Periodic GC: Disabled
Heap:
 garbage-first heap   total 188416K, used 63832K [0x00000000a2c00000, 0x0000000100000000)
  region size 1024K, 9 young (9216K), 5 survivors (5120K)
 Metaspace       used 69130K, committed 69696K, reserved 1114112K
  class space    used 9194K, committed 9472K, reserved 1048576K
GC Heap History (20 events):
Event: 7.754 GC heap before
{Heap before GC invocations=21 (full 0):
 garbage-first heap   total 66560K, used 38323K [0x00000000a2c00000, 0x0000000100000000)
  region size 1024K, 6 young (6144K), 3 survivors (3072K)
 Metaspace       used 60686K, committed 61120K, reserved 1105920K
  class space    used 8133K, committed 8320K, reserved 1048576K
}
Event: 7.757 GC heap after
{Heap after GC invocations=22 (full 0):
 garbage-first heap   total 79872K, used 37561K [0x00000000a2c00000, 0x0000000100000000)
  region size 1024K, 2 young (2048K), 2 survivors (2048K)
 Metaspace       used 60686K, committed 61120K, reserved 1105920K
  class space    used 8133K, committed 8320K, reserved 1048576K
}
Event: 7.885 GC heap before
{Heap before GC invocations=23 (full 0):
 garbage-first heap   total 79872K, used 61113K [0x00000000a2c00000, 0x0000000100000000)
  region size 1024K, 25 young (25600K), 2 survivors (2048K)
 Metaspace       used 60756K, committed 61184K, reserved 1105920K
  class space    used 8133K, committed 8320K, reserved 1048576K
}
Event: 7.890 GC heap after
{Heap after GC invocations=24 (full 0):
 garbage-first heap   total 79872K, used 43753K [0x00000000a2c00000, 0x0000000100000000)
  region size 1024K, 4 young (4096K), 4 survivors (4096K)
 Metaspace       used 60756K, committed 61184K, reserved 1105920K
  class space    used 8133K, committed 8320K, reserved 1048576K
}
Event: 7.997 GC heap before
{Heap before GC invocations=24 (full 0):
 garbage-first heap   total 79872K, used 61161K [0x00000000a2c00000, 0x0000000100000000)
  region size 1024K, 21 young (21504K), 4 survivors (4096K)
 Metaspace       used 60884K, committed 61312K, reserved 1105920K
  class space    used 8144K, committed 8320K, reserved 1048576K
}
Event: 8.004 GC heap after
{Heap after GC invocations=25 (full 0):
 garbage-first heap   total 79872K, used 48160K [0x00000000a2c00000, 0x0000000100000000)
  region size 1024K, 3 young (3072K), 3 survivors (3072K)
 Metaspace       used 60884K, committed 61312K, reserved 1105920K
  class space    used 8144K, committed 8320K, reserved 1048576K
}
Event: 8.033 GC heap before
{Heap before GC invocations=25 (full 0):
 garbage-first heap   total 79872K, used 61472K [0x00000000a2c00000, 0x0000000100000000)
  region size 1024K, 15 young (15360K), 3 survivors (3072K)
 Metaspace       used 60886K, committed 61312K, reserved 1105920K
  class space    used 8144K, committed 8320K, reserved 1048576K
}
Event: 8.038 GC heap after
{Heap after GC invocations=26 (full 0):
 garbage-first heap   total 79872K, used 53147K [0x00000000a2c00000, 0x0000000100000000)
  region size 1024K, 2 young (2048K), 2 survivors (2048K)
 Metaspace       used 60886K, committed 61312K, reserved 1105920K
  class space    used 8144K, committed 8320K, reserved 1048576K
}
Event: 8.084 GC heap before
{Heap before GC invocations=27 (full 0):
 garbage-first heap   total 94208K, used 62363K [0x00000000a2c00000, 0x0000000100000000)
  region size 1024K, 11 young (11264K), 2 survivors (2048K)
 Metaspace       used 60899K, committed 61312K, reserved 1105920K
  class space    used 8144K, committed 8320K, reserved 1048576K
}
Event: 8.087 GC heap after
{Heap after GC invocations=28 (full 0):
 garbage-first heap   total 94208K, used 55745K [0x00000000a2c00000, 0x0000000100000000)
  region size 1024K, 2 young (2048K), 2 survivors (2048K)
 Metaspace       used 60899K, committed 61312K, reserved 1105920K
  class space    used 8144K, committed 8320K, reserved 1048576K
}
Event: 8.096 GC heap before
{Heap before GC invocations=28 (full 0):
 garbage-first heap   total 94208K, used 57793K [0x00000000a2c00000, 0x0000000100000000)
  region size 1024K, 4 young (4096K), 2 survivors (2048K)
 Metaspace       used 60899K, committed 61312K, reserved 1105920K
  class space    used 8144K, committed 8320K, reserved 1048576K
}
Event: 8.098 GC heap after
{Heap after GC invocations=29 (full 0):
 garbage-first heap   total 94208K, used 56095K [0x00000000a2c00000, 0x0000000100000000)
  region size 1024K, 1 young (1024K), 1 survivors (1024K)
 Metaspace       used 60899K, committed 61312K, reserved 1105920K
  class space    used 8144K, committed 8320K, reserved 1048576K
}
Event: 8.167 GC heap before
{Heap before GC invocations=29 (full 0):
 garbage-first heap   total 94208K, used 70431K [0x00000000a2c00000, 0x0000000100000000)
  region size 1024K, 16 young (16384K), 1 survivors (1024K)
 Metaspace       used 60909K, committed 61312K, reserved 1105920K
  class space    used 8144K, committed 8320K, reserved 1048576K
}
Event: 8.170 GC heap after
{Heap after GC invocations=30 (full 0):
 garbage-first heap   total 188416K, used 59335K [0x00000000a2c00000, 0x0000000100000000)
  region size 1024K, 2 young (2048K), 2 survivors (2048K)
 Metaspace       used 60909K, committed 61312K, reserved 1105920K
  class space    used 8144K, committed 8320K, reserved 1048576K
}
Event: 8.492 GC heap before
{Heap before GC invocations=31 (full 0):
 garbage-first heap   total 188416K, used 129991K [0x00000000a2c00000, 0x0000000100000000)
  region size 1024K, 72 young (73728K), 2 survivors (2048K)
 Metaspace       used 61906K, committed 62336K, reserved 1105920K
  class space    used 8260K, committed 8448K, reserved 1048576K
}
Event: 8.499 GC heap after
{Heap after GC invocations=32 (full 0):
 garbage-first heap   total 188416K, used 64279K [0x00000000a2c00000, 0x0000000100000000)
  region size 1024K, 8 young (8192K), 8 survivors (8192K)
 Metaspace       used 61906K, committed 62336K, reserved 1105920K
  class space    used 8260K, committed 8448K, reserved 1048576K
}
Event: 8.544 GC heap before
{Heap before GC invocations=32 (full 0):
 garbage-first heap   total 188416K, used 65303K [0x00000000a2c00000, 0x0000000100000000)
  region size 1024K, 9 young (9216K), 8 survivors (8192K)
 Metaspace       used 61971K, committed 62400K, reserved 1105920K
  class space    used 8268K, committed 8448K, reserved 1048576K
}
Event: 8.549 GC heap after
{Heap after GC invocations=33 (full 0):
 garbage-first heap   total 188416K, used 57186K [0x00000000a2c00000, 0x0000000100000000)
  region size 1024K, 1 young (1024K), 1 survivors (1024K)
 Metaspace       used 61971K, committed 62400K, reserved 1105920K
  class space    used 8268K, committed 8448K, reserved 1048576K
}
Event: 218.310 GC heap before
{Heap before GC invocations=33 (full 0):
 garbage-first heap   total 188416K, used 125794K [0x00000000a2c00000, 0x0000000100000000)
  region size 1024K, 69 young (70656K), 1 survivors (1024K)
 Metaspace       used 68918K, committed 69312K, reserved 1114112K
  class space    used 9161K, committed 9344K, reserved 1048576K
}
Event: 218.330 GC heap after
{Heap after GC invocations=34 (full 0):
 garbage-first heap   total 188416K, used 60760K [0x00000000a2c00000, 0x0000000100000000)
  region size 1024K, 5 young (5120K), 5 survivors (5120K)
 Metaspace       used 68918K, committed 69312K, reserved 1114112K
  class space    used 9161K, committed 9344K, reserved 1048576K
}

