# JRE version: OpenJDK Runtime Environment Corretto-17.0.6.10.1 (17.0.6+10) (build 17.0.6+10-LTS)
# Java VM: OpenJDK 64-Bit Server VM Corretto-17.0.6.10.1 (17.0.6+10-LTS, mixed mode, sharing, tiered, compressed oops, compressed class ptrs, g1 gc, windows-amd64)
GC Precious Log:
 CPUs: 12 total, 12 available
 Memory: 5966M
 Large Page Support: Disabled
 NUMA Support: Disabled
 Compressed Oops: Enabled (32-bit)
 Heap Region Size: 1M
 Heap Min Capacity: 8M
 Heap Initial Capacity: 94M
 Heap Max Capacity: 1492M
 Pre-touch: Disabled
 Parallel Workers: 10
 Concurrent Workers: 3
 Concurrent Refinement Workers: 10
 Periodic GC: Disabled
Heap:
 garbage-first heap   total 55296K, used 22022K [0x00000000a2c00000, 0x0000000100000000)
  region size 1024K, 7 young (7168K), 3 survivors (3072K)
 Metaspace       used 28913K, committed 29248K, reserved 1081344K
  class space    used 3782K, committed 3904K, reserved 1048576K
GC Heap History (12 events):
Event: 1.170 GC heap before
{Heap before GC invocations=0 (full 0):
 garbage-first heap   total 96256K, used 23552K [0x00000000a2c00000, 0x0000000100000000)
  region size 1024K, 23 young (23552K), 0 survivors (0K)
 Metaspace       used 4703K, committed 4864K, reserved 1056768K
  class space    used 500K, committed 576K, reserved 1048576K
}
Event: 1.177 GC heap after
{Heap after GC invocations=1 (full 0):
 garbage-first heap   total 96256K, used 9256K [0x00000000a2c00000, 0x0000000100000000)
  region size 1024K, 3 young (3072K), 3 survivors (3072K)
 Metaspace       used 4703K, committed 4864K, reserved 1056768K
  class space    used 500K, committed 576K, reserved 1048576K
}
Event: 2.154 GC heap before
{Heap before GC invocations=1 (full 0):
 garbage-first heap   total 96256K, used 32808K [0x00000000a2c00000, 0x0000000100000000)
  region size 1024K, 27 young (27648K), 3 survivors (3072K)
 Metaspace       used 10734K, committed 10880K, reserved 1064960K
  class space    used 1350K, committed 1408K, reserved 1048576K
}
Event: 2.161 GC heap after
{Heap after GC invocations=2 (full 0):
 garbage-first heap   total 96256K, used 11021K [0x00000000a2c00000, 0x0000000100000000)
  region size 1024K, 2 young (2048K), 2 survivors (2048K)
 Metaspace       used 10734K, committed 10880K, reserved 1064960K
  class space    used 1350K, committed 1408K, reserved 1048576K
}
Event: 3.046 GC heap before
{Heap before GC invocations=2 (full 0):
 garbage-first heap   total 96256K, used 56077K [0x00000000a2c00000, 0x0000000100000000)
  region size 1024K, 47 young (48128K), 2 survivors (2048K)
 Metaspace       used 19644K, committed 19904K, reserved 1073152K
  class space    used 2499K, committed 2624K, reserved 1048576K
}
Event: 3.051 GC heap after
{Heap after GC invocations=3 (full 0):
 garbage-first heap   total 96256K, used 13832K [0x00000000a2c00000, 0x0000000100000000)
  region size 1024K, 5 young (5120K), 5 survivors (5120K)
 Metaspace       used 19644K, committed 19904K, reserved 1073152K
  class space    used 2499K, committed 2624K, reserved 1048576K
}
Event: 3.495 GC heap before
{Heap before GC invocations=3 (full 0):
 garbage-first heap   total 96256K, used 31240K [0x00000000a2c00000, 0x0000000100000000)
  region size 1024K, 24 young (24576K), 5 survivors (5120K)
 Metaspace       used 21251K, committed 21504K, reserved 1073152K
  class space    used 2702K, committed 2816K, reserved 1048576K
}
Event: 3.500 GC heap after
{Heap after GC invocations=4 (full 0):
 garbage-first heap   total 96256K, used 14736K [0x00000000a2c00000, 0x0000000100000000)
  region size 1024K, 4 young (4096K), 4 survivors (4096K)
 Metaspace       used 21251K, committed 21504K, reserved 1073152K
  class space    used 2702K, committed 2816K, reserved 1048576K
}
Event: 4.297 GC heap before
{Heap before GC invocations=5 (full 0):
 garbage-first heap   total 55296K, used 41360K [0x00000000a2c00000, 0x0000000100000000)
  region size 1024K, 32 young (32768K), 4 survivors (4096K)
 Metaspace       used 24746K, committed 25024K, reserved 1073152K
  class space    used 3165K, committed 3264K, reserved 1048576K
}
Event: 4.304 GC heap after
{Heap after GC invocations=6 (full 0):
 garbage-first heap   total 55296K, used 16486K [0x00000000a2c00000, 0x0000000100000000)
  region size 1024K, 4 young (4096K), 4 survivors (4096K)
 Metaspace       used 24746K, committed 25024K, reserved 1073152K
  class space    used 3165K, committed 3264K, reserved 1048576K
}
Event: 5.019 GC heap before
{Heap before GC invocations=6 (full 0):
 garbage-first heap   total 55296K, used 36966K [0x00000000a2c00000, 0x0000000100000000)
  region size 1024K, 24 young (24576K), 4 survivors (4096K)
 Metaspace       used 28069K, committed 28352K, reserved 1081344K
  class space    used 3679K, committed 3776K, reserved 1048576K
}
Event: 5.026 GC heap after
{Heap after GC invocations=7 (full 0):
 garbage-first heap   total 55296K, used 18950K [0x00000000a2c00000, 0x0000000100000000)
  region size 1024K, 3 young (3072K), 3 survivors (3072K)
 Metaspace       used 28069K, committed 28352K, reserved 1081344K
  class space    used 3679K, committed 3776K, reserved 1048576K
}

