# JRE version: OpenJDK Runtime Environment Corretto-17.0.6.10.1 (17.0.6+10) (build 17.0.6+10-LTS)
# Java VM: OpenJDK 64-Bit Server VM Corretto-17.0.6.10.1 (17.0.6+10-LTS, mixed mode, sharing, tiered, compressed oops, compressed class ptrs, g1 gc, windows-amd64)
GC Precious Log:
 CPUs: 12 total, 12 available
 Memory: 5966M
 Large Page Support: Disabled
 NUMA Support: Disabled
 Compressed Oops: Enabled (32-bit)
 Heap Region Size: 1M
 Heap Min Capacity: 8M
 Heap Initial Capacity: 94M
 Heap Max Capacity: 1492M
 Pre-touch: Disabled
 Parallel Workers: 10
 Concurrent Workers: 3
 Concurrent Refinement Workers: 10
 Periodic GC: Disabled
Heap:
 garbage-first heap   total 101376K, used 59970K [0x00000000a2c00000, 0x0000000100000000)
  region size 1024K, 3 young (3072K), 3 survivors (3072K)
 Metaspace       used 63814K, committed 64256K, reserved 1105920K
  class space    used 8761K, committed 8960K, reserved 1048576K
GC Heap History (20 events):
Event: 8.881 GC heap after
{Heap after GC invocations=14 (full 0):
 garbage-first heap   total 70656K, used 27588K [0x00000000a2c00000, 0x0000000100000000)
  region size 1024K, 2 young (2048K), 2 survivors (2048K)
 Metaspace       used 51318K, committed 51712K, reserved 1097728K
  class space    used 7097K, committed 7296K, reserved 1048576K
}
Event: 9.293 GC heap before
{Heap before GC invocations=14 (full 0):
 garbage-first heap   total 70656K, used 56260K [0x00000000a2c00000, 0x0000000100000000)
  region size 1024K, 30 young (30720K), 2 survivors (2048K)
 Metaspace       used 54814K, committed 55232K, reserved 1097728K
  class space    used 7559K, committed 7744K, reserved 1048576K
}
Event: 9.301 GC heap after
{Heap after GC invocations=15 (full 0):
 garbage-first heap   total 70656K, used 29714K [0x00000000a2c00000, 0x0000000100000000)
  region size 1024K, 4 young (4096K), 4 survivors (4096K)
 Metaspace       used 54814K, committed 55232K, reserved 1097728K
  class space    used 7559K, committed 7744K, reserved 1048576K
}
Event: 9.524 GC heap before
{Heap before GC invocations=15 (full 0):
 garbage-first heap   total 70656K, used 56338K [0x00000000a2c00000, 0x0000000100000000)
  region size 1024K, 30 young (30720K), 4 survivors (4096K)
 Metaspace       used 56516K, committed 56896K, reserved 1105920K
  class space    used 7760K, committed 7936K, reserved 1048576K
}
Event: 9.533 GC heap after
{Heap after GC invocations=16 (full 0):
 garbage-first heap   total 70656K, used 30370K [0x00000000a2c00000, 0x0000000100000000)
  region size 1024K, 1 young (1024K), 1 survivors (1024K)
 Metaspace       used 56516K, committed 56896K, reserved 1105920K
  class space    used 7760K, committed 7936K, reserved 1048576K
}
Event: 9.637 GC heap before
{Heap before GC invocations=16 (full 0):
 garbage-first heap   total 70656K, used 56994K [0x00000000a2c00000, 0x0000000100000000)
  region size 1024K, 27 young (27648K), 1 survivors (1024K)
 Metaspace       used 56634K, committed 57024K, reserved 1105920K
  class space    used 7768K, committed 7936K, reserved 1048576K
}
Event: 9.640 GC heap after
{Heap after GC invocations=17 (full 0):
 garbage-first heap   total 70656K, used 30454K [0x00000000a2c00000, 0x0000000100000000)
  region size 1024K, 1 young (1024K), 1 survivors (1024K)
 Metaspace       used 56634K, committed 57024K, reserved 1105920K
  class space    used 7768K, committed 7936K, reserved 1048576K
}
Event: 10.001 GC heap before
{Heap before GC invocations=17 (full 0):
 garbage-first heap   total 70656K, used 57078K [0x00000000a2c00000, 0x0000000100000000)
  region size 1024K, 27 young (27648K), 1 survivors (1024K)
 Metaspace       used 58538K, committed 58880K, reserved 1105920K
  class space    used 8039K, committed 8192K, reserved 1048576K
}
Event: 10.007 GC heap after
{Heap after GC invocations=18 (full 0):
 garbage-first heap   total 84992K, used 32726K [0x00000000a2c00000, 0x0000000100000000)
  region size 1024K, 4 young (4096K), 4 survivors (4096K)
 Metaspace       used 58538K, committed 58880K, reserved 1105920K
  class space    used 8039K, committed 8192K, reserved 1048576K
}
Event: 10.321 GC heap before
{Heap before GC invocations=18 (full 0):
 garbage-first heap   total 84992K, used 55254K [0x00000000a2c00000, 0x0000000100000000)
  region size 1024K, 27 young (27648K), 4 survivors (4096K)
 Metaspace       used 59979K, committed 60288K, reserved 1105920K
  class space    used 8243K, committed 8384K, reserved 1048576K
}
Event: 10.330 GC heap after
{Heap after GC invocations=19 (full 0):
 garbage-first heap   total 84992K, used 35214K [0x00000000a2c00000, 0x0000000100000000)
  region size 1024K, 5 young (5120K), 5 survivors (5120K)
 Metaspace       used 59979K, committed 60288K, reserved 1105920K
  class space    used 8243K, committed 8384K, reserved 1048576K
}
Event: 10.841 GC heap before
{Heap before GC invocations=20 (full 0):
 garbage-first heap   total 84992K, used 67982K [0x00000000a2c00000, 0x0000000100000000)
  region size 1024K, 37 young (37888K), 5 survivors (5120K)
 Metaspace       used 62512K, committed 63040K, reserved 1105920K
  class space    used 8636K, committed 8896K, reserved 1048576K
}
Event: 10.859 GC heap after
{Heap after GC invocations=21 (full 0):
 garbage-first heap   total 84992K, used 38231K [0x00000000a2c00000, 0x0000000100000000)
  region size 1024K, 5 young (5120K), 5 survivors (5120K)
 Metaspace       used 62512K, committed 63040K, reserved 1105920K
  class space    used 8636K, committed 8896K, reserved 1048576K
}
Event: 11.151 GC heap before
{Heap before GC invocations=21 (full 0):
 garbage-first heap   total 84992K, used 67927K [0x00000000a2c00000, 0x0000000100000000)
  region size 1024K, 34 young (34816K), 5 survivors (5120K)
 Metaspace       used 63608K, committed 64064K, reserved 1105920K
  class space    used 8750K, committed 8960K, reserved 1048576K
}
Event: 11.165 GC heap after
{Heap after GC invocations=22 (full 0):
 garbage-first heap   total 84992K, used 45634K [0x00000000a2c00000, 0x0000000100000000)
  region size 1024K, 5 young (5120K), 5 survivors (5120K)
 Metaspace       used 63608K, committed 64064K, reserved 1105920K
  class space    used 8750K, committed 8960K, reserved 1048576K
}
Event: 11.286 GC heap before
{Heap before GC invocations=22 (full 0):
 garbage-first heap   total 84992K, used 65090K [0x00000000a2c00000, 0x0000000100000000)
  region size 1024K, 25 young (25600K), 5 survivors (5120K)
 Metaspace       used 63669K, committed 64128K, reserved 1105920K
  class space    used 8750K, committed 8960K, reserved 1048576K
}
Event: 11.295 GC heap after
{Heap after GC invocations=23 (full 0):
 garbage-first heap   total 84992K, used 50313K [0x00000000a2c00000, 0x0000000100000000)
  region size 1024K, 4 young (4096K), 4 survivors (4096K)
 Metaspace       used 63669K, committed 64128K, reserved 1105920K
  class space    used 8750K, committed 8960K, reserved 1048576K
}
Event: 11.364 GC heap before
{Heap before GC invocations=24 (full 0):
 garbage-first heap   total 101376K, used 64649K [0x00000000a2c00000, 0x0000000100000000)
  region size 1024K, 19 young (19456K), 4 survivors (4096K)
 Metaspace       used 63691K, committed 64192K, reserved 1105920K
  class space    used 8752K, committed 8960K, reserved 1048576K
}
Event: 11.379 GC heap after
{Heap after GC invocations=25 (full 0):
 garbage-first heap   total 101376K, used 54755K [0x00000000a2c00000, 0x0000000100000000)
  region size 1024K, 3 young (3072K), 3 survivors (3072K)
 Metaspace       used 63691K, committed 64192K, reserved 1105920K
  class space    used 8752K, committed 8960K, reserved 1048576K
}
Event: 11.456 GC heap before
{Heap before GC invocations=25 (full 0):
 garbage-first heap   total 101376K, used 72163K [0x00000000a2c00000, 0x0000000100000000)
  region size 1024K, 22 young (22528K), 3 survivors (3072K)
 Metaspace       used 63814K, committed 64256K, reserved 1105920K
  class space    used 8761K, committed 8960K, reserved 1048576K
}

